2022-02-03 21:11:50.767 INFO  nacos 11888 [main] com.nona.order.CrderApplication - No active profile set, falling back to default profiles: default
2022-02-03 21:11:51.404 INFO  nacos 11888 [main] org.springframework.data.repository.config.RepositoryConfigurationDelegate - Bootstrapping Spring Data JPA repositories in DEFERRED mode.
2022-02-03 21:11:51.419 INFO  nacos 11888 [main] org.springframework.data.repository.config.RepositoryConfigurationDelegate - Finished Spring Data repository scanning in 8ms. Found 0 JPA repository interfaces.
2022-02-03 21:11:51.578 INFO  nacos 11888 [main] org.springframework.cloud.context.scope.GenericScope - BeanFactory id=4ec0fd8a-927a-35d9-91b7-b8c6ac5e5daf
2022-02-03 21:11:51.736 INFO  nacos 11888 [main] org.springframework.context.support.PostProcessorRegistrationDelegate$BeanPostProcessorChecker - Bean 'spring.cloud.sentinel-com.alibaba.cloud.sentinel.SentinelProperties' of type [com.alibaba.cloud.sentinel.SentinelProperties] is not eligible for getting processed by all BeanPostProcessors (for example: not eligible for auto-proxying)
2022-02-03 21:11:51.738 INFO  nacos 11888 [main] org.springframework.context.support.PostProcessorRegistrationDelegate$BeanPostProcessorChecker - Bean 'com.alibaba.cloud.sentinel.custom.SentinelAutoConfiguration' of type [com.alibaba.cloud.sentinel.custom.SentinelAutoConfiguration] is not eligible for getting processed by all BeanPostProcessors (for example: not eligible for auto-proxying)
2022-02-03 21:11:52.471 INFO  nacos 11888 [main] org.springframework.boot.web.embedded.tomcat.TomcatWebServer - Tomcat initialized with port(s): 8050 (http)
2022-02-03 21:11:52.477 INFO  nacos 11888 [main] org.apache.coyote.http11.Http11NioProtocol - Initializing ProtocolHandler ["http-nio-8050"]
2022-02-03 21:11:52.477 INFO  nacos 11888 [main] org.apache.catalina.core.StandardService - Starting service [Tomcat]
2022-02-03 21:11:52.478 INFO  nacos 11888 [main] org.apache.catalina.core.StandardEngine - Starting Servlet engine: [Apache Tomcat/9.0.37]
2022-02-03 21:11:52.584 INFO  nacos 11888 [main] org.apache.catalina.core.ContainerBase.[Tomcat].[localhost].[/] - Initializing Spring embedded WebApplicationContext
2022-02-03 21:11:52.585 INFO  nacos 11888 [main] org.springframework.boot.web.servlet.context.ServletWebServerApplicationContext - Root WebApplicationContext: initialization completed in 1799 ms
2022-02-03 21:11:52.715 INFO  nacos 11888 [main] org.springframework.scheduling.concurrent.ThreadPoolTaskExecutor - Initializing ExecutorService 'applicationTaskExecutor'
2022-02-03 21:11:52.750 INFO  nacos 11888 [task-1] org.hibernate.jpa.internal.util.LogHelper - HHH000204: Processing PersistenceUnitInfo [name: default]
2022-02-03 21:11:52.795 INFO  nacos 11888 [task-1] org.hibernate.Version - HHH000412: Hibernate ORM core version 5.4.18.Final
2022-02-03 21:11:52.998 INFO  nacos 11888 [task-1] org.hibernate.annotations.common.Version - HCANN000001: Hibernate Commons Annotations {5.1.0.Final}
2022-02-03 21:11:53.074 INFO  nacos 11888 [task-1] com.zaxxer.hikari.HikariDataSource - HikariPool-1 - Starting...
2022-02-03 21:11:53.491 INFO  nacos 11888 [task-1] com.zaxxer.hikari.HikariDataSource - HikariPool-1 - Start completed.
2022-02-03 21:11:53.502 INFO  nacos 11888 [task-1] org.hibernate.dialect.Dialect - HHH000400: Using dialect: org.hibernate.dialect.MySQL5InnoDBDialect
2022-02-03 21:11:54.111 INFO  nacos 11888 [task-1] org.hibernate.engine.transaction.jta.platform.internal.JtaPlatformInitiator - HHH000490: Using JtaPlatform implementation: [org.hibernate.engine.transaction.jta.platform.internal.NoJtaPlatform]
2022-02-03 21:11:54.118 INFO  nacos 11888 [task-1] org.springframework.orm.jpa.LocalContainerEntityManagerFactoryBean - Initialized JPA EntityManagerFactory for persistence unit 'default'
2022-02-03 21:11:55.215 INFO  nacos 11888 [main] com.alibaba.cloud.sentinel.SentinelWebAutoConfiguration - [Sentinel Starter] register SentinelWebInterceptor with urlPatterns: [/**].
2022-02-03 21:11:55.287 INFO  nacos 11888 [main] springfox.documentation.spring.web.PropertySourcedRequestMappingHandlerMapping - Mapped URL path [/v2/api-docs] onto method [springfox.documentation.swagger2.web.Swagger2Controller#getDocumentation(String, HttpServletRequest)]
2022-02-03 21:11:55.311 WARN  nacos 11888 [main] com.netflix.config.sources.URLConfigurationSource - No URLs will be polled as dynamic configuration sources.
2022-02-03 21:11:55.311 INFO  nacos 11888 [main] com.netflix.config.sources.URLConfigurationSource - To enable URLs as dynamic configuration sources, define System property archaius.configurationSource.additionalUrls or make config.properties available on classpath.
2022-02-03 21:11:55.314 WARN  nacos 11888 [main] com.netflix.config.sources.URLConfigurationSource - No URLs will be polled as dynamic configuration sources.
2022-02-03 21:11:55.314 INFO  nacos 11888 [main] com.netflix.config.sources.URLConfigurationSource - To enable URLs as dynamic configuration sources, define System property archaius.configurationSource.additionalUrls or make config.properties available on classpath.
2022-02-03 21:11:56.299 INFO  nacos 11888 [main] org.springframework.scheduling.concurrent.ThreadPoolTaskScheduler - Initializing ExecutorService 'Nacos-Watch-Task-Scheduler'
2022-02-03 21:11:57.421 INFO  nacos 11888 [main] org.apache.coyote.http11.Http11NioProtocol - Starting ProtocolHandler ["http-nio-8050"]
2022-02-03 21:11:57.440 INFO  nacos 11888 [main] org.springframework.boot.web.embedded.tomcat.TomcatWebServer - Tomcat started on port(s): 8050 (http) with context path ''
2022-02-03 21:11:57.481 INFO  nacos 11888 [main] com.alibaba.cloud.nacos.registry.NacosServiceRegistry - nacos registry, DEFAULT_GROUP order-service 192.168.2.165:8050 register finished
2022-02-03 21:11:58.299 INFO  nacos 11888 [main] springfox.documentation.spring.web.plugins.DocumentationPluginsBootstrapper - Context refreshed
2022-02-03 21:11:58.309 INFO  nacos 11888 [main] springfox.documentation.spring.web.plugins.DocumentationPluginsBootstrapper - Found 1 custom documentation plugin(s)
2022-02-03 21:11:58.334 INFO  nacos 11888 [main] springfox.documentation.spring.web.scanners.ApiListingReferenceScanner - Scanning for api listing references
2022-02-03 21:11:58.417 INFO  nacos 11888 [main] org.springframework.data.repository.config.DeferredRepositoryInitializationListener - Triggering deferred initialization of Spring Data repositories…
2022-02-03 21:11:58.417 INFO  nacos 11888 [main] org.springframework.data.repository.config.DeferredRepositoryInitializationListener - Spring Data repositories initialized!
2022-02-03 21:11:58.425 INFO  nacos 11888 [main] com.nona.order.CrderApplication - Started CrderApplication in 9.886 seconds (JVM running for 10.31)
2022-02-03 21:12:27.973 INFO  nacos 11888 [http-nio-8050-exec-1] org.apache.catalina.core.ContainerBase.[Tomcat].[localhost].[/] - Initializing Spring DispatcherServlet 'dispatcherServlet'
2022-02-03 21:12:27.973 INFO  nacos 11888 [http-nio-8050-exec-1] org.springframework.web.servlet.DispatcherServlet - Initializing Servlet 'dispatcherServlet'
2022-02-03 21:12:27.980 INFO  nacos 11888 [http-nio-8050-exec-1] org.springframework.web.servlet.DispatcherServlet - Completed initialization in 7 ms
2022-02-03 21:12:44.670 WARN  nacos 11888 [http-nio-8050-exec-2] com.nona.order.service.impl.UserOrderServiceImpl - SqlSession [org.apache.ibatis.session.defaults.DefaultSqlSession@7f8b26e7] Transaction not enabled
2022-02-03 21:13:42.816 WARN  nacos 11888 [Thread-5] com.alibaba.nacos.common.http.HttpClientBeanHolder - [HttpClientBeanHolder] Start destroying common HttpClient
2022-02-03 21:13:42.816 WARN  nacos 11888 [Thread-11] com.alibaba.nacos.common.notify.NotifyCenter - [NotifyCenter] Start destroying Publisher
2022-02-03 21:13:42.817 WARN  nacos 11888 [Thread-11] com.alibaba.nacos.common.notify.NotifyCenter - [NotifyCenter] Destruction of the end
2022-02-03 21:13:42.817 WARN  nacos 11888 [Thread-5] com.alibaba.nacos.common.http.HttpClientBeanHolder - [HttpClientBeanHolder] Destruction of the end
2022-02-03 21:13:43.805 INFO  nacos 11888 [SpringContextShutdownHook] org.springframework.scheduling.concurrent.ThreadPoolTaskScheduler - Shutting down ExecutorService 'Nacos-Watch-Task-Scheduler'
2022-02-03 21:13:43.808 INFO  nacos 11888 [SpringContextShutdownHook] com.alibaba.cloud.nacos.registry.NacosServiceRegistry - De-registering from Nacos Server now...
2022-02-03 21:13:43.842 INFO  nacos 11888 [SpringContextShutdownHook] com.alibaba.cloud.nacos.registry.NacosServiceRegistry - De-registration finished.
2022-02-03 21:13:51.923 WARN  nacos 11888 [SpringContextShutdownHook] org.springframework.beans.factory.support.DisposableBeanAdapter - Destroy method 'close' on bean with name 'nacosServiceRegistry' threw an exception: java.lang.NullPointerException
2022-02-03 21:13:51.926 INFO  nacos 11888 [SpringContextShutdownHook] org.springframework.orm.jpa.LocalContainerEntityManagerFactoryBean - Closing JPA EntityManagerFactory for persistence unit 'default'
2022-02-03 21:13:51.929 INFO  nacos 11888 [SpringContextShutdownHook] org.springframework.scheduling.concurrent.ThreadPoolTaskExecutor - Shutting down ExecutorService 'applicationTaskExecutor'
2022-02-03 21:13:51.929 INFO  nacos 11888 [SpringContextShutdownHook] com.zaxxer.hikari.HikariDataSource - HikariPool-1 - Shutdown initiated...
2022-02-03 21:13:51.938 INFO  nacos 11888 [SpringContextShutdownHook] com.zaxxer.hikari.HikariDataSource - HikariPool-1 - Shutdown completed.
2022-02-03 21:35:18.044 INFO  nacos 14140 [main] com.nona.order.CrderApplication - No active profile set, falling back to default profiles: default
2022-02-03 21:35:18.745 INFO  nacos 14140 [main] org.springframework.data.repository.config.RepositoryConfigurationDelegate - Bootstrapping Spring Data JPA repositories in DEFERRED mode.
2022-02-03 21:35:18.762 INFO  nacos 14140 [main] org.springframework.data.repository.config.RepositoryConfigurationDelegate - Finished Spring Data repository scanning in 9ms. Found 0 JPA repository interfaces.
2022-02-03 21:35:18.932 INFO  nacos 14140 [main] org.springframework.cloud.context.scope.GenericScope - BeanFactory id=88185921-7c53-3e7b-b6fa-6b37b8f43a55
2022-02-03 21:35:19.110 INFO  nacos 14140 [main] org.springframework.context.support.PostProcessorRegistrationDelegate$BeanPostProcessorChecker - Bean 'spring.cloud.sentinel-com.alibaba.cloud.sentinel.SentinelProperties' of type [com.alibaba.cloud.sentinel.SentinelProperties] is not eligible for getting processed by all BeanPostProcessors (for example: not eligible for auto-proxying)
2022-02-03 21:35:19.112 INFO  nacos 14140 [main] org.springframework.context.support.PostProcessorRegistrationDelegate$BeanPostProcessorChecker - Bean 'com.alibaba.cloud.sentinel.custom.SentinelAutoConfiguration' of type [com.alibaba.cloud.sentinel.custom.SentinelAutoConfiguration] is not eligible for getting processed by all BeanPostProcessors (for example: not eligible for auto-proxying)
2022-02-03 21:35:19.286 INFO  nacos 14140 [main] org.springframework.boot.web.embedded.tomcat.TomcatWebServer - Tomcat initialized with port(s): 8050 (http)
2022-02-03 21:35:19.292 INFO  nacos 14140 [main] org.apache.coyote.http11.Http11NioProtocol - Initializing ProtocolHandler ["http-nio-8050"]
2022-02-03 21:35:19.293 INFO  nacos 14140 [main] org.apache.catalina.core.StandardService - Starting service [Tomcat]
2022-02-03 21:35:19.293 INFO  nacos 14140 [main] org.apache.catalina.core.StandardEngine - Starting Servlet engine: [Apache Tomcat/9.0.37]
2022-02-03 21:35:19.412 INFO  nacos 14140 [main] org.apache.catalina.core.ContainerBase.[Tomcat].[localhost].[/] - Initializing Spring embedded WebApplicationContext
2022-02-03 21:35:19.412 INFO  nacos 14140 [main] org.springframework.boot.web.servlet.context.ServletWebServerApplicationContext - Root WebApplicationContext: initialization completed in 1355 ms
2022-02-03 21:35:19.548 INFO  nacos 14140 [main] org.springframework.scheduling.concurrent.ThreadPoolTaskExecutor - Initializing ExecutorService 'applicationTaskExecutor'
2022-02-03 21:35:19.583 INFO  nacos 14140 [task-1] org.hibernate.jpa.internal.util.LogHelper - HHH000204: Processing PersistenceUnitInfo [name: default]
2022-02-03 21:35:19.671 INFO  nacos 14140 [task-1] org.hibernate.Version - HHH000412: Hibernate ORM core version 5.4.18.Final
2022-02-03 21:35:19.802 INFO  nacos 14140 [task-1] org.hibernate.annotations.common.Version - HCANN000001: Hibernate Commons Annotations {5.1.0.Final}
2022-02-03 21:35:19.893 INFO  nacos 14140 [task-1] com.zaxxer.hikari.HikariDataSource - HikariPool-1 - Starting...
2022-02-03 21:35:20.290 INFO  nacos 14140 [task-1] com.zaxxer.hikari.HikariDataSource - HikariPool-1 - Start completed.
2022-02-03 21:35:20.303 INFO  nacos 14140 [task-1] org.hibernate.dialect.Dialect - HHH000400: Using dialect: org.hibernate.dialect.MySQL5InnoDBDialect
2022-02-03 21:35:21.419 INFO  nacos 14140 [task-1] org.hibernate.engine.transaction.jta.platform.internal.JtaPlatformInitiator - HHH000490: Using JtaPlatform implementation: [org.hibernate.engine.transaction.jta.platform.internal.NoJtaPlatform]
2022-02-03 21:35:21.431 INFO  nacos 14140 [task-1] org.springframework.orm.jpa.LocalContainerEntityManagerFactoryBean - Initialized JPA EntityManagerFactory for persistence unit 'default'
2022-02-03 21:35:22.550 INFO  nacos 14140 [main] com.alibaba.cloud.sentinel.SentinelWebAutoConfiguration - [Sentinel Starter] register SentinelWebInterceptor with urlPatterns: [/**].
2022-02-03 21:35:22.644 INFO  nacos 14140 [main] springfox.documentation.spring.web.PropertySourcedRequestMappingHandlerMapping - Mapped URL path [/v2/api-docs] onto method [springfox.documentation.swagger2.web.Swagger2Controller#getDocumentation(String, HttpServletRequest)]
2022-02-03 21:35:22.695 WARN  nacos 14140 [main] com.netflix.config.sources.URLConfigurationSource - No URLs will be polled as dynamic configuration sources.
2022-02-03 21:35:22.695 INFO  nacos 14140 [main] com.netflix.config.sources.URLConfigurationSource - To enable URLs as dynamic configuration sources, define System property archaius.configurationSource.additionalUrls or make config.properties available on classpath.
2022-02-03 21:35:22.702 WARN  nacos 14140 [main] com.netflix.config.sources.URLConfigurationSource - No URLs will be polled as dynamic configuration sources.
2022-02-03 21:35:22.702 INFO  nacos 14140 [main] com.netflix.config.sources.URLConfigurationSource - To enable URLs as dynamic configuration sources, define System property archaius.configurationSource.additionalUrls or make config.properties available on classpath.
2022-02-03 21:35:24.055 INFO  nacos 14140 [main] org.springframework.scheduling.concurrent.ThreadPoolTaskScheduler - Initializing ExecutorService 'Nacos-Watch-Task-Scheduler'
2022-02-03 21:35:26.200 INFO  nacos 14140 [main] org.apache.coyote.http11.Http11NioProtocol - Starting ProtocolHandler ["http-nio-8050"]
2022-02-03 21:35:26.234 INFO  nacos 14140 [main] org.springframework.boot.web.embedded.tomcat.TomcatWebServer - Tomcat started on port(s): 8050 (http) with context path ''
2022-02-03 21:35:26.281 INFO  nacos 14140 [main] com.alibaba.cloud.nacos.registry.NacosServiceRegistry - nacos registry, DEFAULT_GROUP order-service 192.168.2.165:8050 register finished
2022-02-03 21:35:27.889 INFO  nacos 14140 [main] springfox.documentation.spring.web.plugins.DocumentationPluginsBootstrapper - Context refreshed
2022-02-03 21:35:27.899 INFO  nacos 14140 [main] springfox.documentation.spring.web.plugins.DocumentationPluginsBootstrapper - Found 1 custom documentation plugin(s)
2022-02-03 21:35:27.926 INFO  nacos 14140 [main] springfox.documentation.spring.web.scanners.ApiListingReferenceScanner - Scanning for api listing references
2022-02-03 21:35:28.195 INFO  nacos 14140 [main] org.springframework.data.repository.config.DeferredRepositoryInitializationListener - Triggering deferred initialization of Spring Data repositories…
2022-02-03 21:35:28.196 INFO  nacos 14140 [main] org.springframework.data.repository.config.DeferredRepositoryInitializationListener - Spring Data repositories initialized!
2022-02-03 21:35:28.202 INFO  nacos 14140 [main] com.nona.order.CrderApplication - Started CrderApplication in 12.976 seconds (JVM running for 14.68)
2022-02-03 21:39:18.734 INFO  nacos 14140 [http-nio-8050-exec-1] org.apache.catalina.core.ContainerBase.[Tomcat].[localhost].[/] - Initializing Spring DispatcherServlet 'dispatcherServlet'
2022-02-03 21:39:18.734 INFO  nacos 14140 [http-nio-8050-exec-1] org.springframework.web.servlet.DispatcherServlet - Initializing Servlet 'dispatcherServlet'
2022-02-03 21:39:18.740 INFO  nacos 14140 [http-nio-8050-exec-1] org.springframework.web.servlet.DispatcherServlet - Completed initialization in 6 ms
2022-02-03 21:40:01.758 WARN  nacos 14140 [Thread-28] com.alibaba.nacos.common.notify.NotifyCenter - [NotifyCenter] Start destroying Publisher
2022-02-03 21:40:01.759 WARN  nacos 14140 [Thread-22] com.alibaba.nacos.common.http.HttpClientBeanHolder - [HttpClientBeanHolder] Start destroying common HttpClient
2022-02-03 21:40:01.759 WARN  nacos 14140 [Thread-28] com.alibaba.nacos.common.notify.NotifyCenter - [NotifyCenter] Destruction of the end
2022-02-03 21:40:01.760 WARN  nacos 14140 [Thread-22] com.alibaba.nacos.common.http.HttpClientBeanHolder - [HttpClientBeanHolder] Destruction of the end
2022-02-03 21:40:02.693 INFO  nacos 14140 [SpringContextShutdownHook] org.springframework.scheduling.concurrent.ThreadPoolTaskScheduler - Shutting down ExecutorService 'Nacos-Watch-Task-Scheduler'
2022-02-03 21:40:02.695 INFO  nacos 14140 [SpringContextShutdownHook] com.alibaba.cloud.nacos.registry.NacosServiceRegistry - De-registering from Nacos Server now...
2022-02-03 21:40:02.730 INFO  nacos 14140 [SpringContextShutdownHook] com.alibaba.cloud.nacos.registry.NacosServiceRegistry - De-registration finished.
2022-02-03 21:40:33.804 INFO  nacos 3464 [main] com.nona.order.CrderApplication - No active profile set, falling back to default profiles: default
2022-02-03 21:40:34.451 INFO  nacos 3464 [main] org.springframework.data.repository.config.RepositoryConfigurationDelegate - Bootstrapping Spring Data JPA repositories in DEFERRED mode.
2022-02-03 21:40:34.467 INFO  nacos 3464 [main] org.springframework.data.repository.config.RepositoryConfigurationDelegate - Finished Spring Data repository scanning in 9ms. Found 0 JPA repository interfaces.
2022-02-03 21:40:34.623 INFO  nacos 3464 [main] org.springframework.cloud.context.scope.GenericScope - BeanFactory id=4ec0fd8a-927a-35d9-91b7-b8c6ac5e5daf
2022-02-03 21:40:34.803 INFO  nacos 3464 [main] org.springframework.context.support.PostProcessorRegistrationDelegate$BeanPostProcessorChecker - Bean 'spring.cloud.sentinel-com.alibaba.cloud.sentinel.SentinelProperties' of type [com.alibaba.cloud.sentinel.SentinelProperties] is not eligible for getting processed by all BeanPostProcessors (for example: not eligible for auto-proxying)
2022-02-03 21:40:34.805 INFO  nacos 3464 [main] org.springframework.context.support.PostProcessorRegistrationDelegate$BeanPostProcessorChecker - Bean 'com.alibaba.cloud.sentinel.custom.SentinelAutoConfiguration' of type [com.alibaba.cloud.sentinel.custom.SentinelAutoConfiguration] is not eligible for getting processed by all BeanPostProcessors (for example: not eligible for auto-proxying)
2022-02-03 21:40:35.577 INFO  nacos 3464 [main] org.springframework.boot.web.embedded.tomcat.TomcatWebServer - Tomcat initialized with port(s): 8050 (http)
2022-02-03 21:40:35.583 INFO  nacos 3464 [main] org.apache.coyote.http11.Http11NioProtocol - Initializing ProtocolHandler ["http-nio-8050"]
2022-02-03 21:40:35.584 INFO  nacos 3464 [main] org.apache.catalina.core.StandardService - Starting service [Tomcat]
2022-02-03 21:40:35.584 INFO  nacos 3464 [main] org.apache.catalina.core.StandardEngine - Starting Servlet engine: [Apache Tomcat/9.0.37]
2022-02-03 21:40:35.708 INFO  nacos 3464 [main] org.apache.catalina.core.ContainerBase.[Tomcat].[localhost].[/] - Initializing Spring embedded WebApplicationContext
2022-02-03 21:40:35.708 INFO  nacos 3464 [main] org.springframework.boot.web.servlet.context.ServletWebServerApplicationContext - Root WebApplicationContext: initialization completed in 1885 ms
2022-02-03 21:40:35.860 INFO  nacos 3464 [main] org.springframework.scheduling.concurrent.ThreadPoolTaskExecutor - Initializing ExecutorService 'applicationTaskExecutor'
2022-02-03 21:40:35.897 INFO  nacos 3464 [task-1] org.hibernate.jpa.internal.util.LogHelper - HHH000204: Processing PersistenceUnitInfo [name: default]
2022-02-03 21:40:35.942 INFO  nacos 3464 [task-1] org.hibernate.Version - HHH000412: Hibernate ORM core version 5.4.18.Final
2022-02-03 21:40:36.133 INFO  nacos 3464 [task-1] org.hibernate.annotations.common.Version - HCANN000001: Hibernate Commons Annotations {5.1.0.Final}
2022-02-03 21:40:36.215 INFO  nacos 3464 [task-1] com.zaxxer.hikari.HikariDataSource - HikariPool-1 - Starting...
2022-02-03 21:40:36.579 INFO  nacos 3464 [task-1] com.zaxxer.hikari.HikariDataSource - HikariPool-1 - Start completed.
2022-02-03 21:40:36.590 INFO  nacos 3464 [task-1] org.hibernate.dialect.Dialect - HHH000400: Using dialect: org.hibernate.dialect.MySQL5InnoDBDialect
2022-02-03 21:40:37.231 INFO  nacos 3464 [task-1] org.hibernate.engine.transaction.jta.platform.internal.JtaPlatformInitiator - HHH000490: Using JtaPlatform implementation: [org.hibernate.engine.transaction.jta.platform.internal.NoJtaPlatform]
2022-02-03 21:40:37.238 INFO  nacos 3464 [task-1] org.springframework.orm.jpa.LocalContainerEntityManagerFactoryBean - Initialized JPA EntityManagerFactory for persistence unit 'default'
2022-02-03 21:40:38.367 INFO  nacos 3464 [main] com.alibaba.cloud.sentinel.SentinelWebAutoConfiguration - [Sentinel Starter] register SentinelWebInterceptor with urlPatterns: [/**].
2022-02-03 21:40:38.440 INFO  nacos 3464 [main] springfox.documentation.spring.web.PropertySourcedRequestMappingHandlerMapping - Mapped URL path [/v2/api-docs] onto method [springfox.documentation.swagger2.web.Swagger2Controller#getDocumentation(String, HttpServletRequest)]
2022-02-03 21:40:38.465 WARN  nacos 3464 [main] com.netflix.config.sources.URLConfigurationSource - No URLs will be polled as dynamic configuration sources.
2022-02-03 21:40:38.466 INFO  nacos 3464 [main] com.netflix.config.sources.URLConfigurationSource - To enable URLs as dynamic configuration sources, define System property archaius.configurationSource.additionalUrls or make config.properties available on classpath.
2022-02-03 21:40:38.468 WARN  nacos 3464 [main] com.netflix.config.sources.URLConfigurationSource - No URLs will be polled as dynamic configuration sources.
2022-02-03 21:40:38.468 INFO  nacos 3464 [main] com.netflix.config.sources.URLConfigurationSource - To enable URLs as dynamic configuration sources, define System property archaius.configurationSource.additionalUrls or make config.properties available on classpath.
2022-02-03 21:40:39.738 INFO  nacos 3464 [main] org.springframework.scheduling.concurrent.ThreadPoolTaskScheduler - Initializing ExecutorService 'Nacos-Watch-Task-Scheduler'
2022-02-03 21:40:40.993 INFO  nacos 3464 [main] org.apache.coyote.http11.Http11NioProtocol - Starting ProtocolHandler ["http-nio-8050"]
2022-02-03 21:40:41.014 INFO  nacos 3464 [main] org.springframework.boot.web.embedded.tomcat.TomcatWebServer - Tomcat started on port(s): 8050 (http) with context path ''
2022-02-03 21:40:41.053 INFO  nacos 3464 [main] com.alibaba.cloud.nacos.registry.NacosServiceRegistry - nacos registry, DEFAULT_GROUP order-service 192.168.2.165:8050 register finished
2022-02-03 21:40:42.019 INFO  nacos 3464 [main] springfox.documentation.spring.web.plugins.DocumentationPluginsBootstrapper - Context refreshed
2022-02-03 21:40:42.031 INFO  nacos 3464 [main] springfox.documentation.spring.web.plugins.DocumentationPluginsBootstrapper - Found 1 custom documentation plugin(s)
2022-02-03 21:40:42.063 INFO  nacos 3464 [main] springfox.documentation.spring.web.scanners.ApiListingReferenceScanner - Scanning for api listing references
2022-02-03 21:40:42.162 INFO  nacos 3464 [main] org.springframework.data.repository.config.DeferredRepositoryInitializationListener - Triggering deferred initialization of Spring Data repositories…
2022-02-03 21:40:42.162 INFO  nacos 3464 [main] org.springframework.data.repository.config.DeferredRepositoryInitializationListener - Spring Data repositories initialized!
2022-02-03 21:40:42.169 INFO  nacos 3464 [main] com.nona.order.CrderApplication - Started CrderApplication in 11.287 seconds (JVM running for 11.877)
2022-02-03 21:40:47.292 INFO  nacos 3464 [http-nio-8050-exec-1] org.apache.catalina.core.ContainerBase.[Tomcat].[localhost].[/] - Initializing Spring DispatcherServlet 'dispatcherServlet'
2022-02-03 21:40:47.292 INFO  nacos 3464 [http-nio-8050-exec-1] org.springframework.web.servlet.DispatcherServlet - Initializing Servlet 'dispatcherServlet'
2022-02-03 21:40:47.300 INFO  nacos 3464 [http-nio-8050-exec-1] org.springframework.web.servlet.DispatcherServlet - Completed initialization in 8 ms
2022-02-03 21:47:53.854 WARN  nacos 3464 [Thread-5] com.alibaba.nacos.common.http.HttpClientBeanHolder - [HttpClientBeanHolder] Start destroying common HttpClient
2022-02-03 21:47:53.854 WARN  nacos 3464 [Thread-11] com.alibaba.nacos.common.notify.NotifyCenter - [NotifyCenter] Start destroying Publisher
2022-02-03 21:47:53.854 WARN  nacos 3464 [Thread-11] com.alibaba.nacos.common.notify.NotifyCenter - [NotifyCenter] Destruction of the end
2022-02-03 21:47:53.854 WARN  nacos 3464 [Thread-5] com.alibaba.nacos.common.http.HttpClientBeanHolder - [HttpClientBeanHolder] Destruction of the end
2022-02-03 21:47:54.953 INFO  nacos 3464 [SpringContextShutdownHook] org.springframework.scheduling.concurrent.ThreadPoolTaskScheduler - Shutting down ExecutorService 'Nacos-Watch-Task-Scheduler'
2022-02-03 21:47:54.954 INFO  nacos 3464 [SpringContextShutdownHook] com.alibaba.cloud.nacos.registry.NacosServiceRegistry - De-registering from Nacos Server now...
2022-02-03 21:47:54.988 INFO  nacos 3464 [SpringContextShutdownHook] com.alibaba.cloud.nacos.registry.NacosServiceRegistry - De-registration finished.
2022-02-03 21:49:27.102 INFO  nacos 22744 [main] com.nona.order.CrderApplication - No active profile set, falling back to default profiles: default
2022-02-03 21:49:27.767 INFO  nacos 22744 [main] org.springframework.data.repository.config.RepositoryConfigurationDelegate - Bootstrapping Spring Data JPA repositories in DEFERRED mode.
2022-02-03 21:49:27.785 INFO  nacos 22744 [main] org.springframework.data.repository.config.RepositoryConfigurationDelegate - Finished Spring Data repository scanning in 10ms. Found 0 JPA repository interfaces.
2022-02-03 21:49:27.956 INFO  nacos 22744 [main] org.springframework.cloud.context.scope.GenericScope - BeanFactory id=88185921-7c53-3e7b-b6fa-6b37b8f43a55
2022-02-03 21:49:28.141 INFO  nacos 22744 [main] org.springframework.context.support.PostProcessorRegistrationDelegate$BeanPostProcessorChecker - Bean 'spring.cloud.sentinel-com.alibaba.cloud.sentinel.SentinelProperties' of type [com.alibaba.cloud.sentinel.SentinelProperties] is not eligible for getting processed by all BeanPostProcessors (for example: not eligible for auto-proxying)
2022-02-03 21:49:28.143 INFO  nacos 22744 [main] org.springframework.context.support.PostProcessorRegistrationDelegate$BeanPostProcessorChecker - Bean 'com.alibaba.cloud.sentinel.custom.SentinelAutoConfiguration' of type [com.alibaba.cloud.sentinel.custom.SentinelAutoConfiguration] is not eligible for getting processed by all BeanPostProcessors (for example: not eligible for auto-proxying)
2022-02-03 21:49:28.403 INFO  nacos 22744 [main] org.springframework.boot.web.embedded.tomcat.TomcatWebServer - Tomcat initialized with port(s): 8050 (http)
2022-02-03 21:49:28.414 INFO  nacos 22744 [main] org.apache.coyote.http11.Http11NioProtocol - Initializing ProtocolHandler ["http-nio-8050"]
2022-02-03 21:49:28.415 INFO  nacos 22744 [main] org.apache.catalina.core.StandardService - Starting service [Tomcat]
2022-02-03 21:49:28.415 INFO  nacos 22744 [main] org.apache.catalina.core.StandardEngine - Starting Servlet engine: [Apache Tomcat/9.0.37]
2022-02-03 21:49:28.561 INFO  nacos 22744 [main] org.apache.catalina.core.ContainerBase.[Tomcat].[localhost].[/] - Initializing Spring embedded WebApplicationContext
2022-02-03 21:49:28.562 INFO  nacos 22744 [main] org.springframework.boot.web.servlet.context.ServletWebServerApplicationContext - Root WebApplicationContext: initialization completed in 1446 ms
2022-02-03 21:49:28.706 INFO  nacos 22744 [main] org.springframework.scheduling.concurrent.ThreadPoolTaskExecutor - Initializing ExecutorService 'applicationTaskExecutor'
2022-02-03 21:49:28.743 INFO  nacos 22744 [task-1] org.hibernate.jpa.internal.util.LogHelper - HHH000204: Processing PersistenceUnitInfo [name: default]
2022-02-03 21:49:28.827 INFO  nacos 22744 [task-1] org.hibernate.Version - HHH000412: Hibernate ORM core version 5.4.18.Final
2022-02-03 21:49:28.952 INFO  nacos 22744 [task-1] org.hibernate.annotations.common.Version - HCANN000001: Hibernate Commons Annotations {5.1.0.Final}
2022-02-03 21:49:29.029 INFO  nacos 22744 [task-1] com.zaxxer.hikari.HikariDataSource - HikariPool-1 - Starting...
2022-02-03 21:49:29.401 INFO  nacos 22744 [task-1] com.zaxxer.hikari.HikariDataSource - HikariPool-1 - Start completed.
2022-02-03 21:49:29.412 INFO  nacos 22744 [task-1] org.hibernate.dialect.Dialect - HHH000400: Using dialect: org.hibernate.dialect.MySQL5InnoDBDialect
2022-02-03 21:49:30.047 INFO  nacos 22744 [task-1] org.hibernate.engine.transaction.jta.platform.internal.JtaPlatformInitiator - HHH000490: Using JtaPlatform implementation: [org.hibernate.engine.transaction.jta.platform.internal.NoJtaPlatform]
2022-02-03 21:49:30.054 INFO  nacos 22744 [task-1] org.springframework.orm.jpa.LocalContainerEntityManagerFactoryBean - Initialized JPA EntityManagerFactory for persistence unit 'default'
2022-02-03 21:49:32.639 INFO  nacos 22744 [main] com.alibaba.cloud.sentinel.SentinelWebAutoConfiguration - [Sentinel Starter] register SentinelWebInterceptor with urlPatterns: [/**].
2022-02-03 21:49:32.722 INFO  nacos 22744 [main] springfox.documentation.spring.web.PropertySourcedRequestMappingHandlerMapping - Mapped URL path [/v2/api-docs] onto method [springfox.documentation.swagger2.web.Swagger2Controller#getDocumentation(String, HttpServletRequest)]
2022-02-03 21:49:32.747 WARN  nacos 22744 [main] com.netflix.config.sources.URLConfigurationSource - No URLs will be polled as dynamic configuration sources.
2022-02-03 21:49:32.747 INFO  nacos 22744 [main] com.netflix.config.sources.URLConfigurationSource - To enable URLs as dynamic configuration sources, define System property archaius.configurationSource.additionalUrls or make config.properties available on classpath.
2022-02-03 21:49:32.750 WARN  nacos 22744 [main] com.netflix.config.sources.URLConfigurationSource - No URLs will be polled as dynamic configuration sources.
2022-02-03 21:49:32.750 INFO  nacos 22744 [main] com.netflix.config.sources.URLConfigurationSource - To enable URLs as dynamic configuration sources, define System property archaius.configurationSource.additionalUrls or make config.properties available on classpath.
2022-02-03 21:49:33.864 INFO  nacos 22744 [main] org.springframework.scheduling.concurrent.ThreadPoolTaskScheduler - Initializing ExecutorService 'Nacos-Watch-Task-Scheduler'
2022-02-03 21:49:35.598 INFO  nacos 22744 [main] org.apache.coyote.http11.Http11NioProtocol - Starting ProtocolHandler ["http-nio-8050"]
2022-02-03 21:49:35.619 INFO  nacos 22744 [main] org.springframework.boot.web.embedded.tomcat.TomcatWebServer - Tomcat started on port(s): 8050 (http) with context path ''
2022-02-03 21:49:35.664 INFO  nacos 22744 [main] com.alibaba.cloud.nacos.registry.NacosServiceRegistry - nacos registry, DEFAULT_GROUP order-service 192.168.2.165:8050 register finished
2022-02-03 21:49:36.827 INFO  nacos 22744 [main] springfox.documentation.spring.web.plugins.DocumentationPluginsBootstrapper - Context refreshed
2022-02-03 21:49:36.838 INFO  nacos 22744 [main] springfox.documentation.spring.web.plugins.DocumentationPluginsBootstrapper - Found 1 custom documentation plugin(s)
2022-02-03 21:49:36.866 INFO  nacos 22744 [main] springfox.documentation.spring.web.scanners.ApiListingReferenceScanner - Scanning for api listing references
2022-02-03 21:49:37.097 INFO  nacos 22744 [main] org.springframework.data.repository.config.DeferredRepositoryInitializationListener - Triggering deferred initialization of Spring Data repositories…
2022-02-03 21:49:37.097 INFO  nacos 22744 [main] org.springframework.data.repository.config.DeferredRepositoryInitializationListener - Spring Data repositories initialized!
2022-02-03 21:49:37.104 INFO  nacos 22744 [main] com.nona.order.CrderApplication - Started CrderApplication in 12.743 seconds (JVM running for 13.84)
2022-02-03 21:50:07.877 INFO  nacos 22744 [http-nio-8050-exec-1] org.apache.catalina.core.ContainerBase.[Tomcat].[localhost].[/] - Initializing Spring DispatcherServlet 'dispatcherServlet'
2022-02-03 21:50:07.877 INFO  nacos 22744 [http-nio-8050-exec-1] org.springframework.web.servlet.DispatcherServlet - Initializing Servlet 'dispatcherServlet'
2022-02-03 21:50:07.883 INFO  nacos 22744 [http-nio-8050-exec-1] org.springframework.web.servlet.DispatcherServlet - Completed initialization in 6 ms
2022-02-03 21:55:23.867 WARN  nacos 22744 [Thread-18] com.alibaba.nacos.common.http.HttpClientBeanHolder - [HttpClientBeanHolder] Start destroying common HttpClient
2022-02-03 21:55:23.868 WARN  nacos 22744 [Thread-24] com.alibaba.nacos.common.notify.NotifyCenter - [NotifyCenter] Start destroying Publisher
2022-02-03 21:55:23.868 WARN  nacos 22744 [Thread-24] com.alibaba.nacos.common.notify.NotifyCenter - [NotifyCenter] Destruction of the end
2022-02-03 21:55:23.869 WARN  nacos 22744 [Thread-18] com.alibaba.nacos.common.http.HttpClientBeanHolder - [HttpClientBeanHolder] Destruction of the end
2022-02-03 21:55:24.897 INFO  nacos 22744 [SpringContextShutdownHook] org.springframework.scheduling.concurrent.ThreadPoolTaskScheduler - Shutting down ExecutorService 'Nacos-Watch-Task-Scheduler'
2022-02-03 21:55:24.899 INFO  nacos 22744 [SpringContextShutdownHook] com.alibaba.cloud.nacos.registry.NacosServiceRegistry - De-registering from Nacos Server now...
2022-02-03 21:55:24.939 INFO  nacos 22744 [SpringContextShutdownHook] com.alibaba.cloud.nacos.registry.NacosServiceRegistry - De-registration finished.
2022-02-03 21:55:31.111 WARN  nacos 22744 [SpringContextShutdownHook] org.springframework.beans.factory.support.DisposableBeanAdapter - Destroy method 'close' on bean with name 'nacosServiceRegistry' threw an exception: java.lang.NullPointerException
2022-02-03 21:55:31.114 INFO  nacos 22744 [SpringContextShutdownHook] org.springframework.orm.jpa.LocalContainerEntityManagerFactoryBean - Closing JPA EntityManagerFactory for persistence unit 'default'
2022-02-03 21:55:31.116 INFO  nacos 22744 [SpringContextShutdownHook] org.springframework.scheduling.concurrent.ThreadPoolTaskExecutor - Shutting down ExecutorService 'applicationTaskExecutor'
2022-02-03 21:55:31.117 INFO  nacos 22744 [SpringContextShutdownHook] com.zaxxer.hikari.HikariDataSource - HikariPool-1 - Shutdown initiated...
2022-02-03 21:55:31.122 INFO  nacos 22744 [SpringContextShutdownHook] com.zaxxer.hikari.HikariDataSource - HikariPool-1 - Shutdown completed.
2022-02-03 21:56:39.646 INFO  nacos 18256 [main] com.nona.order.CrderApplication - No active profile set, falling back to default profiles: default
2022-02-03 21:56:40.316 INFO  nacos 18256 [main] org.springframework.data.repository.config.RepositoryConfigurationDelegate - Bootstrapping Spring Data JPA repositories in DEFERRED mode.
2022-02-03 21:56:40.332 INFO  nacos 18256 [main] org.springframework.data.repository.config.RepositoryConfigurationDelegate - Finished Spring Data repository scanning in 9ms. Found 0 JPA repository interfaces.
2022-02-03 21:56:40.506 INFO  nacos 18256 [main] org.springframework.cloud.context.scope.GenericScope - BeanFactory id=88185921-7c53-3e7b-b6fa-6b37b8f43a55
2022-02-03 21:56:40.696 INFO  nacos 18256 [main] org.springframework.context.support.PostProcessorRegistrationDelegate$BeanPostProcessorChecker - Bean 'spring.cloud.sentinel-com.alibaba.cloud.sentinel.SentinelProperties' of type [com.alibaba.cloud.sentinel.SentinelProperties] is not eligible for getting processed by all BeanPostProcessors (for example: not eligible for auto-proxying)
2022-02-03 21:56:40.697 INFO  nacos 18256 [main] org.springframework.context.support.PostProcessorRegistrationDelegate$BeanPostProcessorChecker - Bean 'com.alibaba.cloud.sentinel.custom.SentinelAutoConfiguration' of type [com.alibaba.cloud.sentinel.custom.SentinelAutoConfiguration] is not eligible for getting processed by all BeanPostProcessors (for example: not eligible for auto-proxying)
2022-02-03 21:56:40.876 INFO  nacos 18256 [main] org.springframework.boot.web.embedded.tomcat.TomcatWebServer - Tomcat initialized with port(s): 8050 (http)
2022-02-03 21:56:40.883 INFO  nacos 18256 [main] org.apache.coyote.http11.Http11NioProtocol - Initializing ProtocolHandler ["http-nio-8050"]
2022-02-03 21:56:40.883 INFO  nacos 18256 [main] org.apache.catalina.core.StandardService - Starting service [Tomcat]
2022-02-03 21:56:40.884 INFO  nacos 18256 [main] org.apache.catalina.core.StandardEngine - Starting Servlet engine: [Apache Tomcat/9.0.37]
2022-02-03 21:56:41.000 INFO  nacos 18256 [main] org.apache.catalina.core.ContainerBase.[Tomcat].[localhost].[/] - Initializing Spring embedded WebApplicationContext
2022-02-03 21:56:41.000 INFO  nacos 18256 [main] org.springframework.boot.web.servlet.context.ServletWebServerApplicationContext - Root WebApplicationContext: initialization completed in 1337 ms
2022-02-03 21:56:41.165 INFO  nacos 18256 [main] org.springframework.scheduling.concurrent.ThreadPoolTaskExecutor - Initializing ExecutorService 'applicationTaskExecutor'
2022-02-03 21:56:41.216 INFO  nacos 18256 [task-1] org.hibernate.jpa.internal.util.LogHelper - HHH000204: Processing PersistenceUnitInfo [name: default]
2022-02-03 21:56:41.396 INFO  nacos 18256 [task-1] org.hibernate.Version - HHH000412: Hibernate ORM core version 5.4.18.Final
2022-02-03 21:56:41.710 INFO  nacos 18256 [task-1] org.hibernate.annotations.common.Version - HCANN000001: Hibernate Commons Annotations {5.1.0.Final}
2022-02-03 21:56:41.905 INFO  nacos 18256 [task-1] com.zaxxer.hikari.HikariDataSource - HikariPool-1 - Starting...
2022-02-03 21:56:42.314 INFO  nacos 18256 [task-1] com.zaxxer.hikari.HikariDataSource - HikariPool-1 - Start completed.
2022-02-03 21:56:42.329 INFO  nacos 18256 [task-1] org.hibernate.dialect.Dialect - HHH000400: Using dialect: org.hibernate.dialect.MySQL5InnoDBDialect
2022-02-03 21:56:43.029 INFO  nacos 18256 [task-1] org.hibernate.engine.transaction.jta.platform.internal.JtaPlatformInitiator - HHH000490: Using JtaPlatform implementation: [org.hibernate.engine.transaction.jta.platform.internal.NoJtaPlatform]
2022-02-03 21:56:43.035 INFO  nacos 18256 [task-1] org.springframework.orm.jpa.LocalContainerEntityManagerFactoryBean - Initialized JPA EntityManagerFactory for persistence unit 'default'
2022-02-03 21:56:44.317 INFO  nacos 18256 [main] com.alibaba.cloud.sentinel.SentinelWebAutoConfiguration - [Sentinel Starter] register SentinelWebInterceptor with urlPatterns: [/**].
2022-02-03 21:56:44.390 INFO  nacos 18256 [main] springfox.documentation.spring.web.PropertySourcedRequestMappingHandlerMapping - Mapped URL path [/v2/api-docs] onto method [springfox.documentation.swagger2.web.Swagger2Controller#getDocumentation(String, HttpServletRequest)]
2022-02-03 21:56:44.413 WARN  nacos 18256 [main] com.netflix.config.sources.URLConfigurationSource - No URLs will be polled as dynamic configuration sources.
2022-02-03 21:56:44.413 INFO  nacos 18256 [main] com.netflix.config.sources.URLConfigurationSource - To enable URLs as dynamic configuration sources, define System property archaius.configurationSource.additionalUrls or make config.properties available on classpath.
2022-02-03 21:56:44.417 WARN  nacos 18256 [main] com.netflix.config.sources.URLConfigurationSource - No URLs will be polled as dynamic configuration sources.
2022-02-03 21:56:44.417 INFO  nacos 18256 [main] com.netflix.config.sources.URLConfigurationSource - To enable URLs as dynamic configuration sources, define System property archaius.configurationSource.additionalUrls or make config.properties available on classpath.
2022-02-03 21:56:45.483 INFO  nacos 18256 [main] org.springframework.scheduling.concurrent.ThreadPoolTaskScheduler - Initializing ExecutorService 'Nacos-Watch-Task-Scheduler'
2022-02-03 21:56:46.690 INFO  nacos 18256 [main] org.apache.coyote.http11.Http11NioProtocol - Starting ProtocolHandler ["http-nio-8050"]
2022-02-03 21:56:46.709 INFO  nacos 18256 [main] org.springframework.boot.web.embedded.tomcat.TomcatWebServer - Tomcat started on port(s): 8050 (http) with context path ''
2022-02-03 21:56:46.749 INFO  nacos 18256 [main] com.alibaba.cloud.nacos.registry.NacosServiceRegistry - nacos registry, DEFAULT_GROUP order-service 192.168.2.165:8050 register finished
2022-02-03 21:56:47.565 INFO  nacos 18256 [main] springfox.documentation.spring.web.plugins.DocumentationPluginsBootstrapper - Context refreshed
2022-02-03 21:56:47.575 INFO  nacos 18256 [main] springfox.documentation.spring.web.plugins.DocumentationPluginsBootstrapper - Found 1 custom documentation plugin(s)
2022-02-03 21:56:47.601 INFO  nacos 18256 [main] springfox.documentation.spring.web.scanners.ApiListingReferenceScanner - Scanning for api listing references
2022-02-03 21:56:47.827 INFO  nacos 18256 [main] org.springframework.data.repository.config.DeferredRepositoryInitializationListener - Triggering deferred initialization of Spring Data repositories…
2022-02-03 21:56:47.827 INFO  nacos 18256 [main] org.springframework.data.repository.config.DeferredRepositoryInitializationListener - Spring Data repositories initialized!
2022-02-03 21:56:47.834 INFO  nacos 18256 [main] com.nona.order.CrderApplication - Started CrderApplication in 10.915 seconds (JVM running for 12.385)
2022-02-03 21:58:14.312 INFO  nacos 18256 [http-nio-8050-exec-1] org.apache.catalina.core.ContainerBase.[Tomcat].[localhost].[/] - Initializing Spring DispatcherServlet 'dispatcherServlet'
2022-02-03 21:58:14.313 INFO  nacos 18256 [http-nio-8050-exec-1] org.springframework.web.servlet.DispatcherServlet - Initializing Servlet 'dispatcherServlet'
2022-02-03 21:58:14.319 INFO  nacos 18256 [http-nio-8050-exec-1] org.springframework.web.servlet.DispatcherServlet - Completed initialization in 6 ms
2022-02-03 22:01:56.156 WARN  nacos 18256 [Thread-23] com.alibaba.nacos.common.http.HttpClientBeanHolder - [HttpClientBeanHolder] Start destroying common HttpClient
2022-02-03 22:01:56.156 WARN  nacos 18256 [Thread-29] com.alibaba.nacos.common.notify.NotifyCenter - [NotifyCenter] Start destroying Publisher
2022-02-03 22:01:56.156 WARN  nacos 18256 [Thread-29] com.alibaba.nacos.common.notify.NotifyCenter - [NotifyCenter] Destruction of the end
2022-02-03 22:01:56.157 WARN  nacos 18256 [Thread-23] com.alibaba.nacos.common.http.HttpClientBeanHolder - [HttpClientBeanHolder] Destruction of the end
2022-02-03 22:01:57.085 INFO  nacos 18256 [SpringContextShutdownHook] org.springframework.scheduling.concurrent.ThreadPoolTaskScheduler - Shutting down ExecutorService 'Nacos-Watch-Task-Scheduler'
2022-02-03 22:01:57.087 INFO  nacos 18256 [SpringContextShutdownHook] com.alibaba.cloud.nacos.registry.NacosServiceRegistry - De-registering from Nacos Server now...
2022-02-03 22:01:57.120 INFO  nacos 18256 [SpringContextShutdownHook] com.alibaba.cloud.nacos.registry.NacosServiceRegistry - De-registration finished.
2022-02-03 22:02:02.136 WARN  nacos 18256 [SpringContextShutdownHook] org.springframework.beans.factory.support.DisposableBeanAdapter - Destroy method 'close' on bean with name 'nacosServiceRegistry' threw an exception: java.lang.NullPointerException
2022-02-03 22:02:02.140 INFO  nacos 18256 [SpringContextShutdownHook] org.springframework.orm.jpa.LocalContainerEntityManagerFactoryBean - Closing JPA EntityManagerFactory for persistence unit 'default'
2022-02-03 22:02:02.143 INFO  nacos 18256 [SpringContextShutdownHook] org.springframework.scheduling.concurrent.ThreadPoolTaskExecutor - Shutting down ExecutorService 'applicationTaskExecutor'
2022-02-03 22:02:02.143 INFO  nacos 18256 [SpringContextShutdownHook] com.zaxxer.hikari.HikariDataSource - HikariPool-1 - Shutdown initiated...
2022-02-03 22:02:02.150 INFO  nacos 18256 [SpringContextShutdownHook] com.zaxxer.hikari.HikariDataSource - HikariPool-1 - Shutdown completed.
